13:09:50.204 [http-nio-80-exec-1] DEBUG o.s.s.w.u.matcher.OrRequestMatcher - Trying to match using Ant [pattern='/logout', POST]
13:09:50.207 [http-nio-80-exec-1] DEBUG o.s.s.w.u.m.AntPathRequestMatcher - Request 'GET /error' doesn't match 'POST /logout'
13:09:50.207 [http-nio-80-exec-1] DEBUG o.s.s.w.u.matcher.OrRequestMatcher - Trying to match using Ant [pattern='/logout', PUT]
13:09:50.207 [http-nio-80-exec-1] DEBUG o.s.s.w.u.m.AntPathRequestMatcher - Request 'GET /error' doesn't match 'PUT /logout'
13:09:50.207 [http-nio-80-exec-1] DEBUG o.s.s.w.u.matcher.OrRequestMatcher - Trying to match using Ant [pattern='/logout', DELETE]
13:09:50.207 [http-nio-80-exec-1] DEBUG o.s.s.w.u.m.AntPathRequestMatcher - Request 'GET /error' doesn't match 'DELETE /logout'
13:09:50.215 [http-nio-80-exec-1] DEBUG o.s.s.w.u.matcher.OrRequestMatcher - No matches found
13:09:50.215 [http-nio-80-exec-1] DEBUG o.s.security.web.FilterChainProxy - /error at position 5 of 11 in additional filter chain; firing Filter: 'UsernamePasswordAuthenticationFilter'
13:09:50.215 [http-nio-80-exec-1] DEBUG o.s.s.w.u.m.AntPathRequestMatcher - Request 'GET /error' doesn't match 'POST /login'
13:09:50.215 [http-nio-80-exec-1] DEBUG o.s.security.web.FilterChainProxy - /error at position 6 of 11 in additional filter chain; firing Filter: 'RequestCacheAwareFilter'
13:09:50.215 [http-nio-80-exec-1] DEBUG o.s.s.w.s.HttpSessionRequestCache - saved request doesn't match
13:09:50.215 [http-nio-80-exec-1] DEBUG o.s.security.web.FilterChainProxy - /error at position 7 of 11 in additional filter chain; firing Filter: 'SecurityContextHolderAwareRequestFilter'
13:09:50.216 [http-nio-80-exec-1] DEBUG o.s.security.web.FilterChainProxy - /error at position 8 of 11 in additional filter chain; firing Filter: 'AnonymousAuthenticationFilter'
13:09:50.216 [http-nio-80-exec-1] DEBUG o.s.s.w.a.AnonymousAuthenticationFilter - SecurityContextHolder not populated with anonymous token, as it already contained: 'org.springframework.security.authentication.UsernamePasswordAuthenticationToken@c69de216: Principal: com.abby.jiaqing.security.CustomUserDetails@51f5db67; Credentials: [PROTECTED]; Authenticated: true; Details: org.springframework.security.web.authentication.WebAuthenticationDetails@fffbcba8: RemoteIpAddress: 0:0:0:0:0:0:0:1; SessionId: C57D3ECBB5022DE31AEAF0D7E24D78BC; Granted Authorities: ROLE_SUPERUSER'
13:09:50.216 [http-nio-80-exec-1] DEBUG o.s.security.web.FilterChainProxy - /error at position 9 of 11 in additional filter chain; firing Filter: 'SessionManagementFilter'
13:09:50.216 [http-nio-80-exec-1] DEBUG o.s.security.web.FilterChainProxy - /error at position 10 of 11 in additional filter chain; firing Filter: 'ExceptionTranslationFilter'
13:09:50.216 [http-nio-80-exec-1] DEBUG o.s.security.web.FilterChainProxy - /error at position 11 of 11 in additional filter chain; firing Filter: 'FilterSecurityInterceptor'
13:09:50.216 [http-nio-80-exec-1] DEBUG o.s.security.web.FilterChainProxy - /error reached end of additional filter chain; proceeding with original chain
13:09:50.216 [http-nio-80-exec-1] DEBUG o.s.web.servlet.DispatcherServlet - "ERROR" dispatch for GET "/error", parameters={masked}
13:09:50.217 [http-nio-80-exec-1] DEBUG o.s.w.s.m.m.a.RequestMappingHandlerMapping - Mapped to org.springframework.boot.autoconfigure.web.servlet.error.BasicErrorController#error(HttpServletRequest)
13:09:50.217 [http-nio-80-exec-1] DEBUG o.s.w.s.m.m.a.HttpEntityMethodProcessor - Using 'application/json', given [*/*] and supported [application/json, application/*+json, application/json, application/*+json]
13:09:50.218 [http-nio-80-exec-1] DEBUG o.s.w.s.m.m.a.HttpEntityMethodProcessor - Writing [{timestamp=Mon Oct 28 13:09:50 CST 2019, status=500, error=Internal Server Error, message={"errcode" (truncated)...]
13:09:50.219 [http-nio-80-exec-1] DEBUG o.s.web.servlet.DispatcherServlet - Exiting from "ERROR" dispatch, status 500
13:09:50.219 [http-nio-80-exec-1] DEBUG o.s.s.w.a.ExceptionTranslationFilter - Chain processed normally
13:09:50.219 [http-nio-80-exec-1] DEBUG o.s.s.w.c.SecurityContextPersistenceFilter - SecurityContextHolder now cleared, as request processing completed
