13:02:49.462 [http-nio-80-exec-4] DEBUG org.apache.http.wire - http-outgoing-0 << "end of stream"
13:02:49.467 [http-nio-80-exec-4] DEBUG o.a.h.i.c.DefaultManagedHttpClientConnection - http-outgoing-0: Close connection
13:02:49.468 [http-nio-80-exec-4] DEBUG o.a.h.i.c.PoolingHttpClientConnectionManager - Connection leased: [id: 1][route: {s}->https://api.weixin.qq.com:443][total kept alive: 0; route allocated: 1 of 10; total allocated: 1 of 50]
13:02:49.468 [http-nio-80-exec-4] DEBUG o.a.h.impl.execchain.MainClientExec - Opening connection {s}->https://api.weixin.qq.com:443
13:02:49.469 [http-nio-80-exec-4] DEBUG o.a.h.i.c.DefaultHttpClientConnectionOperator - Connecting to api.weixin.qq.com/182.254.92.124:443
13:02:49.469 [http-nio-80-exec-4] DEBUG o.a.h.c.s.SSLConnectionSocketFactory - Connecting socket to api.weixin.qq.com/182.254.92.124:443 with timeout 5000
13:02:49.509 [http-nio-80-exec-4] DEBUG o.a.h.c.s.SSLConnectionSocketFactory - Enabled protocols: [TLSv1, TLSv1.1, TLSv1.2]
13:02:49.509 [http-nio-80-exec-4] DEBUG o.a.h.c.s.SSLConnectionSocketFactory - Enabled cipher suites:[TLS_ECDHE_ECDSA_WITH_AES_256_CBC_SHA384, TLS_ECDHE_RSA_WITH_AES_256_CBC_SHA384, TLS_RSA_WITH_AES_256_CBC_SHA256, TLS_ECDH_ECDSA_WITH_AES_256_CBC_SHA384, TLS_ECDH_RSA_WITH_AES_256_CBC_SHA384, TLS_DHE_RSA_WITH_AES_256_CBC_SHA256, TLS_DHE_DSS_WITH_AES_256_CBC_SHA256, TLS_ECDHE_ECDSA_WITH_AES_256_CBC_SHA, TLS_ECDHE_RSA_WITH_AES_256_CBC_SHA, TLS_RSA_WITH_AES_256_CBC_SHA, TLS_ECDH_ECDSA_WITH_AES_256_CBC_SHA, TLS_ECDH_RSA_WITH_AES_256_CBC_SHA, TLS_DHE_RSA_WITH_AES_256_CBC_SHA, TLS_DHE_DSS_WITH_AES_256_CBC_SHA, TLS_ECDHE_ECDSA_WITH_AES_128_CBC_SHA256, TLS_ECDHE_RSA_WITH_AES_128_CBC_SHA256, TLS_RSA_WITH_AES_128_CBC_SHA256, TLS_ECDH_ECDSA_WITH_AES_128_CBC_SHA256, TLS_ECDH_RSA_WITH_AES_128_CBC_SHA256, TLS_DHE_RSA_WITH_AES_128_CBC_SHA256, TLS_DHE_DSS_WITH_AES_128_CBC_SHA256, TLS_ECDHE_ECDSA_WITH_AES_128_CBC_SHA, TLS_ECDHE_RSA_WITH_AES_128_CBC_SHA, TLS_RSA_WITH_AES_128_CBC_SHA, TLS_ECDH_ECDSA_WITH_AES_128_CBC_SHA, TLS_ECDH_RSA_WITH_AES_128_CBC_SHA, TLS_DHE_RSA_WITH_AES_128_CBC_SHA, TLS_DHE_DSS_WITH_AES_128_CBC_SHA, TLS_ECDHE_ECDSA_WITH_AES_256_GCM_SHA384, TLS_ECDHE_ECDSA_WITH_AES_128_GCM_SHA256, TLS_ECDHE_RSA_WITH_AES_256_GCM_SHA384, TLS_RSA_WITH_AES_256_GCM_SHA384, TLS_ECDH_ECDSA_WITH_AES_256_GCM_SHA384, TLS_ECDH_RSA_WITH_AES_256_GCM_SHA384, TLS_DHE_RSA_WITH_AES_256_GCM_SHA384, TLS_DHE_DSS_WITH_AES_256_GCM_SHA384, TLS_ECDHE_RSA_WITH_AES_128_GCM_SHA256, TLS_RSA_WITH_AES_128_GCM_SHA256, TLS_ECDH_ECDSA_WITH_AES_128_GCM_SHA256, TLS_ECDH_RSA_WITH_AES_128_GCM_SHA256, TLS_DHE_RSA_WITH_AES_128_GCM_SHA256, TLS_DHE_DSS_WITH_AES_128_GCM_SHA256, TLS_EMPTY_RENEGOTIATION_INFO_SCSV]
13:02:49.510 [http-nio-80-exec-4] DEBUG o.a.h.c.s.SSLConnectionSocketFactory - Starting handshake
13:02:49.601 [http-nio-80-exec-4] DEBUG o.a.h.c.s.SSLConnectionSocketFactory - Secure session established
13:02:49.601 [http-nio-80-exec-4] DEBUG o.a.h.c.s.SSLConnectionSocketFactory -  negotiated protocol: TLSv1.2
13:02:49.601 [http-nio-80-exec-4] DEBUG o.a.h.c.s.SSLConnectionSocketFactory -  negotiated cipher suite: TLS_ECDHE_RSA_WITH_AES_128_GCM_SHA256
13:02:49.601 [http-nio-80-exec-4] DEBUG o.a.h.c.s.SSLConnectionSocketFactory -  peer principal: CN=mp.weixin.qq.com, OU=R&D, O=Shenzhen Tencent Computer Systems Company Limited, L=Shenzhen, ST=Guangdong, C=CN
13:02:49.601 [http-nio-80-exec-4] DEBUG o.a.h.c.s.SSLConnectionSocketFactory -  peer alternative names: [mp.weixin.qq.com, servicewechat.com, hk.open.weixin.qq.com, long.open.weixin.qq.com, open.weixin.qq.com, a.weixin.qq.com, api.weixin.qq.com, sh.api.weixin.qq.com, as.weixin.qq.com, sz.open.weixin.qq.com, mp.weixinbridge.com, developers.weixin.qq.com, hk.api.weixin.qq.com, sz.api.weixin.qq.com, minigame.weixin.qq.com, ad.weixin.qq.com, sz.mp.weixin.qq.com, rd.wechatapp.com, api2.weixin.qq.com, game.weixin.qq.com, gamemaker.weixin.qq.com, hk.mp.weixin.qq.com]
13:02:49.601 [http-nio-80-exec-4] DEBUG o.a.h.c.s.SSLConnectionSocketFactory -  issuer principal: CN=GeoTrust RSA CA 2018, OU=www.digicert.com, O=DigiCert Inc, C=US
13:02:49.602 [http-nio-80-exec-4] DEBUG o.a.h.i.c.DefaultHttpClientConnectionOperator - Connection established 10.7.193.208:64325<->182.254.92.124:443
13:02:49.602 [http-nio-80-exec-4] DEBUG o.a.h.impl.execchain.MainClientExec - Executing request GET /cgi-bin/token?grant_type=client_credential&appid=wxf96501edae8e85d9&secret=77c6cc64fa96be8ed4cf8c095ed918c2 HTTP/1.1
13:02:49.602 [http-nio-80-exec-4] DEBUG o.a.h.impl.execchain.MainClientExec - Target auth state: UNCHALLENGED
13:02:49.602 [http-nio-80-exec-4] DEBUG o.a.h.impl.execchain.MainClientExec - Proxy auth state: UNCHALLENGED
13:02:49.602 [http-nio-80-exec-4] DEBUG org.apache.http.headers - http-outgoing-1 >> GET /cgi-bin/token?grant_type=client_credential&appid=wxf96501edae8e85d9&secret=77c6cc64fa96be8ed4cf8c095ed918c2 HTTP/1.1
13:02:49.603 [http-nio-80-exec-4] DEBUG org.apache.http.headers - http-outgoing-1 >> Host: api.weixin.qq.com
13:02:49.603 [http-nio-80-exec-4] DEBUG org.apache.http.headers - http-outgoing-1 >> Connection: Keep-Alive
13:02:49.603 [http-nio-80-exec-4] DEBUG org.apache.http.headers - http-outgoing-1 >> User-Agent: Apache-HttpClient/4.5 (Java/1.8.0_221)
13:02:49.603 [http-nio-80-exec-4] DEBUG org.apache.http.headers - http-outgoing-1 >> Accept-Encoding: gzip,deflate
13:02:49.603 [http-nio-80-exec-4] DEBUG org.apache.http.wire - http-outgoing-1 >> "GET /cgi-bin/token?grant_type=client_credential&appid=wxf96501edae8e85d9&secret=77c6cc64fa96be8ed4cf8c095ed918c2 HTTP/1.1[\r][\n]"
13:02:49.603 [http-nio-80-exec-4] DEBUG org.apache.http.wire - http-outgoing-1 >> "Host: api.weixin.qq.com[\r][\n]"
13:02:49.603 [http-nio-80-exec-4] DEBUG org.apache.http.wire - http-outgoing-1 >> "Connection: Keep-Alive[\r][\n]"
13:02:49.603 [http-nio-80-exec-4] DEBUG org.apache.http.wire - http-outgoing-1 >> "User-Agent: Apache-HttpClient/4.5 (Java/1.8.0_221)[\r][\n]"
13:02:49.603 [http-nio-80-exec-4] DEBUG org.apache.http.wire - http-outgoing-1 >> "Accept-Encoding: gzip,deflate[\r][\n]"
13:02:49.603 [http-nio-80-exec-4] DEBUG org.apache.http.wire - http-outgoing-1 >> "[\r][\n]"
13:02:49.669 [http-nio-80-exec-4] DEBUG org.apache.http.wire - http-outgoing-1 << "HTTP/1.1 200 OK[\r][\n]"
13:02:49.669 [http-nio-80-exec-4] DEBUG org.apache.http.wire - http-outgoing-1 << "Connection: keep-alive[\r][\n]"
