17:02:24.383 [http-nio-80-exec-3] DEBUG o.s.s.w.u.matcher.OrRequestMatcher - Trying to match using Ant [pattern='/logout', GET]
17:02:24.387 [http-nio-80-exec-3] DEBUG o.s.s.w.u.m.AntPathRequestMatcher - Checking match of request : '/user/isonline'; against '/logout'
17:02:24.388 [http-nio-80-exec-3] DEBUG o.s.s.w.u.matcher.OrRequestMatcher - Trying to match using Ant [pattern='/logout', POST]
17:02:24.388 [http-nio-80-exec-3] DEBUG o.s.s.w.u.m.AntPathRequestMatcher - Request 'GET /user/isonline' doesn't match 'POST /logout'
17:02:24.388 [http-nio-80-exec-3] DEBUG o.s.s.w.u.matcher.OrRequestMatcher - Trying to match using Ant [pattern='/logout', PUT]
17:02:24.388 [http-nio-80-exec-3] DEBUG o.s.s.w.u.m.AntPathRequestMatcher - Request 'GET /user/isonline' doesn't match 'PUT /logout'
17:02:24.389 [http-nio-80-exec-3] DEBUG o.s.s.w.u.matcher.OrRequestMatcher - Trying to match using Ant [pattern='/logout', DELETE]
17:02:24.389 [http-nio-80-exec-3] DEBUG o.s.s.w.u.m.AntPathRequestMatcher - Request 'GET /user/isonline' doesn't match 'DELETE /logout'
17:02:24.389 [http-nio-80-exec-3] DEBUG o.s.s.w.u.matcher.OrRequestMatcher - No matches found
17:02:24.389 [http-nio-80-exec-3] DEBUG o.s.s.w.u.m.AntPathRequestMatcher - Checking match of request : '/user/isonline'; against '/test/**'
17:02:24.389 [http-nio-80-exec-3] DEBUG o.s.s.w.u.m.AntPathRequestMatcher - Checking match of request : '/user/isonline'; against '/user/isonline**'
17:02:24.389 [http-nio-80-exec-3] DEBUG o.s.s.w.a.i.FilterSecurityInterceptor - Secure object: FilterInvocation: URL: /user/isonline; Attributes: [permitAll]
17:02:24.389 [http-nio-80-exec-3] DEBUG o.s.s.w.a.i.FilterSecurityInterceptor - Previously Authenticated: org.springframework.security.authentication.UsernamePasswordAuthenticationToken@5a2e062e: Principal: com.abby.jiaqing.security.CustomUserDetails@32bd6189; Credentials: [PROTECTED]; Authenticated: true; Details: org.springframework.security.web.authentication.WebAuthenticationDetails@957e: RemoteIpAddress: 127.0.0.1; SessionId: null; Granted Authorities: ROLE_SUPERUSER
17:02:24.389 [http-nio-80-exec-3] DEBUG o.s.s.access.vote.AffirmativeBased - Voter: org.springframework.security.web.access.expression.WebExpressionVoter@58590e61, returned: 1
17:02:24.389 [http-nio-80-exec-3] DEBUG o.s.s.w.a.i.FilterSecurityInterceptor - Authorization successful
17:02:24.389 [http-nio-80-exec-3] DEBUG o.s.s.w.a.i.FilterSecurityInterceptor - RunAsManager did not change Authentication object
17:02:24.389 [http-nio-80-exec-3] DEBUG o.s.security.web.FilterChainProxy - /user/isonline reached end of additional filter chain; proceeding with original chain
17:02:24.390 [http-nio-80-exec-3] DEBUG o.s.web.servlet.DispatcherServlet - GET "/user/isonline", parameters={}
17:02:24.390 [http-nio-80-exec-3] DEBUG o.s.w.s.m.m.a.RequestMappingHandlerMapping - Mapped to com.abby.jiaqing.web.UserController#isUserOnline(HttpServletRequest, HttpServletResponse)
17:02:24.391 [http-nio-80-exec-3] DEBUG o.s.s.w.h.writers.HstsHeaderWriter - Not injecting HSTS header since it did not match the requestMatcher org.springframework.security.web.header.writers.HstsHeaderWriter$SecureRequestMatcher@1d12a271
17:02:24.391 [http-nio-80-exec-3] DEBUG o.s.web.servlet.DispatcherServlet - Completed 200 OK
17:02:24.391 [http-nio-80-exec-3] DEBUG o.s.s.w.a.ExceptionTranslationFilter - Chain processed normally
17:02:24.391 [http-nio-80-exec-3] DEBUG o.s.s.w.c.SecurityContextPersistenceFilter - SecurityContextHolder now cleared, as request processing completed
17:02:24.974 [http-nio-80-exec-4] DEBUG o.s.s.w.u.m.AntPathRequestMatcher - Checking match of request : '/image/list'; against '/index.html'
17:02:24.974 [http-nio-80-exec-4] DEBUG o.s.s.w.u.m.AntPathRequestMatcher - Checking match of request : '/image/list'; against '/static/**'
17:02:24.974 [http-nio-80-exec-4] DEBUG o.s.security.web.FilterChainProxy - /image/list?pageNum=1&pageSize=10 at position 1 of 11 in additional filter chain; firing Filter: 'WebAsyncManagerIntegrationFilter'
17:02:24.974 [http-nio-80-exec-4] DEBUG o.s.security.web.FilterChainProxy - /image/list?pageNum=1&pageSize=10 at position 2 of 11 in additional filter chain; firing Filter: 'SecurityContextPersistenceFilter'
17:02:24.975 [http-nio-80-exec-4] DEBUG o.s.s.w.c.HttpSessionSecurityContextRepository - Obtained a valid SecurityContext from SPRING_SECURITY_CONTEXT: 'org.springframework.security.core.context.SecurityContextImpl@5a2e062e: Authentication: org.springframework.security.authentication.UsernamePasswordAuthenticationToken@5a2e062e: Principal: com.abby.jiaqing.security.CustomUserDetails@32bd6189; Credentials: [PROTECTED]; Authenticated: true; Details: org.springframework.security.web.authentication.WebAuthenticationDetails@957e: RemoteIpAddress: 127.0.0.1; SessionId: null; Granted Authorities: ROLE_SUPERUSER'
17:02:24.975 [http-nio-80-exec-4] DEBUG o.s.security.web.FilterChainProxy - /image/list?pageNum=1&pageSize=10 at position 3 of 11 in additional filter chain; firing Filter: 'HeaderWriterFilter'
17:02:24.975 [http-nio-80-exec-4] DEBUG o.s.security.web.FilterChainProxy - /image/list?pageNum=1&pageSize=10 at position 4 of 11 in additional filter chain; firing Filter: 'LogoutFilter'
17:02:24.975 [http-nio-80-exec-4] DEBUG o.s.s.w.u.matcher.OrRequestMatcher - Trying to match using Ant [pattern='/logout', GET]
17:02:24.975 [http-nio-80-exec-4] DEBUG o.s.s.w.u.m.AntPathRequestMatcher - Checking match of request : '/image/list'; against '/logout'
