16:56:58.877 [http-nio-80-exec-4] DEBUG com.zaxxer.hikari.HikariConfig - HikariPool-1 - configuration:
16:56:58.882 [http-nio-80-exec-4] DEBUG com.zaxxer.hikari.HikariConfig - allowPoolSuspension.............false
16:56:58.883 [http-nio-80-exec-4] DEBUG com.zaxxer.hikari.HikariConfig - autoCommit......................true
16:56:58.883 [http-nio-80-exec-4] DEBUG com.zaxxer.hikari.HikariConfig - catalog.........................none
16:56:58.883 [http-nio-80-exec-4] DEBUG com.zaxxer.hikari.HikariConfig - connectionInitSql...............none
16:56:58.883 [http-nio-80-exec-4] DEBUG com.zaxxer.hikari.HikariConfig - connectionTestQuery.............none
16:56:58.883 [http-nio-80-exec-4] DEBUG com.zaxxer.hikari.HikariConfig - connectionTimeout...............30000
16:56:58.902 [http-nio-80-exec-4] DEBUG com.zaxxer.hikari.HikariConfig - dataSource......................none
16:56:58.902 [http-nio-80-exec-4] DEBUG com.zaxxer.hikari.HikariConfig - dataSourceClassName.............none
16:56:58.902 [http-nio-80-exec-4] DEBUG com.zaxxer.hikari.HikariConfig - dataSourceJNDI..................none
16:56:58.903 [http-nio-80-exec-4] DEBUG com.zaxxer.hikari.HikariConfig - dataSourceProperties............{password=<masked>}
16:56:58.903 [http-nio-80-exec-4] DEBUG com.zaxxer.hikari.HikariConfig - driverClassName................."com.mysql.cj.jdbc.Driver"
16:56:58.903 [http-nio-80-exec-4] DEBUG com.zaxxer.hikari.HikariConfig - healthCheckProperties...........{}
16:56:58.903 [http-nio-80-exec-4] DEBUG com.zaxxer.hikari.HikariConfig - healthCheckRegistry.............none
16:56:58.903 [http-nio-80-exec-4] DEBUG com.zaxxer.hikari.HikariConfig - idleTimeout.....................600000
16:56:58.903 [http-nio-80-exec-4] DEBUG com.zaxxer.hikari.HikariConfig - initializationFailTimeout.......1
16:56:58.903 [http-nio-80-exec-4] DEBUG com.zaxxer.hikari.HikariConfig - isolateInternalQueries..........false
16:56:58.904 [http-nio-80-exec-4] DEBUG com.zaxxer.hikari.HikariConfig - jdbcUrl.........................jdbc:mysql://localhost:3306/jiaqing
16:56:58.904 [http-nio-80-exec-4] DEBUG com.zaxxer.hikari.HikariConfig - leakDetectionThreshold..........0
16:56:58.904 [http-nio-80-exec-4] DEBUG com.zaxxer.hikari.HikariConfig - maxLifetime.....................1800000
16:56:58.904 [http-nio-80-exec-4] DEBUG com.zaxxer.hikari.HikariConfig - maximumPoolSize.................10
16:56:58.904 [http-nio-80-exec-4] DEBUG com.zaxxer.hikari.HikariConfig - metricRegistry..................none
16:56:58.904 [http-nio-80-exec-4] DEBUG com.zaxxer.hikari.HikariConfig - metricsTrackerFactory...........none
16:56:58.904 [http-nio-80-exec-4] DEBUG com.zaxxer.hikari.HikariConfig - minimumIdle.....................10
16:56:58.904 [http-nio-80-exec-4] DEBUG com.zaxxer.hikari.HikariConfig - password........................<masked>
16:56:58.904 [http-nio-80-exec-4] DEBUG com.zaxxer.hikari.HikariConfig - poolName........................"HikariPool-1"
16:56:58.904 [http-nio-80-exec-4] DEBUG com.zaxxer.hikari.HikariConfig - readOnly........................false
16:56:58.905 [http-nio-80-exec-4] DEBUG com.zaxxer.hikari.HikariConfig - registerMbeans..................false
16:56:58.905 [http-nio-80-exec-4] DEBUG com.zaxxer.hikari.HikariConfig - scheduledExecutor...............none
16:56:58.905 [http-nio-80-exec-4] DEBUG com.zaxxer.hikari.HikariConfig - schema..........................none
16:56:58.905 [http-nio-80-exec-4] DEBUG com.zaxxer.hikari.HikariConfig - threadFactory...................internal
16:56:58.905 [http-nio-80-exec-4] DEBUG com.zaxxer.hikari.HikariConfig - transactionIsolation............default
