17:48:35.673 [http-nio-80-exec-7] DEBUG o.s.s.w.u.m.AntPathRequestMatcher - Request 'POST /login' doesn't match 'PUT /logout'
17:48:35.676 [http-nio-80-exec-7] DEBUG o.s.s.w.u.matcher.OrRequestMatcher - Trying to match using Ant [pattern='/logout', DELETE]
17:48:35.677 [http-nio-80-exec-7] DEBUG o.s.s.w.u.m.AntPathRequestMatcher - Request 'POST /login' doesn't match 'DELETE /logout'
17:48:35.677 [http-nio-80-exec-7] DEBUG o.s.s.w.u.matcher.OrRequestMatcher - No matches found
17:48:35.677 [http-nio-80-exec-7] DEBUG o.s.security.web.FilterChainProxy - /login at position 5 of 11 in additional filter chain; firing Filter: 'UsernamePasswordAuthenticationFilter'
17:48:35.677 [http-nio-80-exec-7] DEBUG o.s.s.w.u.m.AntPathRequestMatcher - Checking match of request : '/login'; against '/login'
17:48:35.677 [http-nio-80-exec-7] DEBUG o.s.s.w.a.UsernamePasswordAuthenticationFilter - Request is to process authentication
17:48:35.678 [http-nio-80-exec-7] DEBUG o.s.s.authentication.ProviderManager - Authentication attempt using org.springframework.security.authentication.dao.DaoAuthenticationProvider
17:48:35.678 [http-nio-80-exec-7] DEBUG org.mybatis.spring.SqlSessionUtils - Creating a new SqlSession
17:48:35.678 [http-nio-80-exec-7] DEBUG org.mybatis.spring.SqlSessionUtils - SqlSession [org.apache.ibatis.session.defaults.DefaultSqlSession@a9308a4] was not registered for synchronization because synchronization is not active
17:48:35.678 [http-nio-80-exec-7] DEBUG o.s.jdbc.datasource.DataSourceUtils - Fetching JDBC Connection from DataSource
17:48:35.680 [http-nio-80-exec-7] DEBUG o.m.s.t.SpringManagedTransaction - JDBC Connection [HikariProxyConnection@1974863103 wrapping com.mysql.cj.jdbc.ConnectionImpl@3b4924ad] will not be managed by Spring
17:48:35.680 [http-nio-80-exec-7] DEBUG c.a.j.m.UserMapper.selectByUserName - ==>  Preparing: select id, username, password, email, active, roles, avatar from user where username=? 
17:48:35.680 [http-nio-80-exec-7] DEBUG c.a.j.m.UserMapper.selectByUserName - ==> Parameters: abby(String)
17:48:35.683 [http-nio-80-exec-7] DEBUG c.a.j.m.UserMapper.selectByUserName - <==      Total: 1
17:48:35.683 [http-nio-80-exec-7] DEBUG org.mybatis.spring.SqlSessionUtils - Closing non transactional SqlSession [org.apache.ibatis.session.defaults.DefaultSqlSession@a9308a4]
17:48:35.826 [http-nio-80-exec-7] DEBUG o.s.s.w.a.s.CompositeSessionAuthenticationStrategy - Delegating to org.springframework.security.web.authentication.session.ChangeSessionIdAuthenticationStrategy@6cff61fc
17:48:35.826 [http-nio-80-exec-7] DEBUG o.s.s.w.a.UsernamePasswordAuthenticationFilter - Authentication success. Updating SecurityContextHolder to contain: org.springframework.security.authentication.UsernamePasswordAuthenticationToken@6218d8c: Principal: com.abby.jiaqing.security.CustomUserDetails@6eb2ea2b; Credentials: [PROTECTED]; Authenticated: true; Details: org.springframework.security.web.authentication.WebAuthenticationDetails@957e: RemoteIpAddress: 127.0.0.1; SessionId: null; Granted Authorities: ROLE_SUPERUSER
17:48:35.826 [http-nio-80-exec-7] DEBUG o.s.s.w.h.writers.HstsHeaderWriter - Not injecting HSTS header since it did not match the requestMatcher org.springframework.security.web.header.writers.HstsHeaderWriter$SecureRequestMatcher@1d12a271
17:48:35.826 [http-nio-80-exec-7] DEBUG o.s.s.w.c.HttpSessionSecurityContextRepository - HttpSession being created as SecurityContext is non-default
17:48:35.827 [http-nio-80-exec-7] DEBUG o.s.s.w.c.HttpSessionSecurityContextRepository - SecurityContext 'org.springframework.security.core.context.SecurityContextImpl@6218d8c: Authentication: org.springframework.security.authentication.UsernamePasswordAuthenticationToken@6218d8c: Principal: com.abby.jiaqing.security.CustomUserDetails@6eb2ea2b; Credentials: [PROTECTED]; Authenticated: true; Details: org.springframework.security.web.authentication.WebAuthenticationDetails@957e: RemoteIpAddress: 127.0.0.1; SessionId: null; Granted Authorities: ROLE_SUPERUSER' stored to HttpSession: 'org.apache.catalina.session.StandardSessionFacade@5f83f6c5
17:48:35.827 [http-nio-80-exec-7] DEBUG o.s.s.w.c.SecurityContextPersistenceFilter - SecurityContextHolder now cleared, as request processing completed
