17:03:09.219 [http-nio-80-exec-7] DEBUG o.s.security.web.FilterChainProxy - /login at position 3 of 11 in additional filter chain; firing Filter: 'HeaderWriterFilter'
17:03:09.223 [http-nio-80-exec-7] DEBUG o.s.security.web.FilterChainProxy - /login at position 4 of 11 in additional filter chain; firing Filter: 'LogoutFilter'
17:03:09.223 [http-nio-80-exec-7] DEBUG o.s.s.w.u.matcher.OrRequestMatcher - Trying to match using Ant [pattern='/logout', GET]
17:03:09.223 [http-nio-80-exec-7] DEBUG o.s.s.w.u.m.AntPathRequestMatcher - Request 'POST /login' doesn't match 'GET /logout'
17:03:09.223 [http-nio-80-exec-7] DEBUG o.s.s.w.u.matcher.OrRequestMatcher - Trying to match using Ant [pattern='/logout', POST]
17:03:09.223 [http-nio-80-exec-7] DEBUG o.s.s.w.u.m.AntPathRequestMatcher - Checking match of request : '/login'; against '/logout'
17:03:09.223 [http-nio-80-exec-7] DEBUG o.s.s.w.u.matcher.OrRequestMatcher - Trying to match using Ant [pattern='/logout', PUT]
17:03:09.223 [http-nio-80-exec-7] DEBUG o.s.s.w.u.m.AntPathRequestMatcher - Request 'POST /login' doesn't match 'PUT /logout'
17:03:09.224 [http-nio-80-exec-7] DEBUG o.s.s.w.u.matcher.OrRequestMatcher - Trying to match using Ant [pattern='/logout', DELETE]
17:03:09.224 [http-nio-80-exec-7] DEBUG o.s.s.w.u.m.AntPathRequestMatcher - Request 'POST /login' doesn't match 'DELETE /logout'
17:03:09.224 [http-nio-80-exec-7] DEBUG o.s.s.w.u.matcher.OrRequestMatcher - No matches found
17:03:09.224 [http-nio-80-exec-7] DEBUG o.s.security.web.FilterChainProxy - /login at position 5 of 11 in additional filter chain; firing Filter: 'UsernamePasswordAuthenticationFilter'
17:03:09.224 [http-nio-80-exec-7] DEBUG o.s.s.w.u.m.AntPathRequestMatcher - Checking match of request : '/login'; against '/login'
17:03:09.224 [http-nio-80-exec-7] DEBUG o.s.s.w.a.UsernamePasswordAuthenticationFilter - Request is to process authentication
17:03:09.224 [http-nio-80-exec-7] DEBUG o.s.s.authentication.ProviderManager - Authentication attempt using org.springframework.security.authentication.dao.DaoAuthenticationProvider
17:03:09.224 [http-nio-80-exec-7] DEBUG org.mybatis.spring.SqlSessionUtils - Creating a new SqlSession
17:03:09.224 [http-nio-80-exec-7] DEBUG org.mybatis.spring.SqlSessionUtils - SqlSession [org.apache.ibatis.session.defaults.DefaultSqlSession@74185c3e] was not registered for synchronization because synchronization is not active
17:03:09.224 [http-nio-80-exec-7] DEBUG o.s.jdbc.datasource.DataSourceUtils - Fetching JDBC Connection from DataSource
17:03:09.226 [http-nio-80-exec-7] DEBUG o.m.s.t.SpringManagedTransaction - JDBC Connection [HikariProxyConnection@2061483213 wrapping com.mysql.cj.jdbc.ConnectionImpl@d298eb4] will not be managed by Spring
17:03:09.226 [http-nio-80-exec-7] DEBUG c.a.j.m.UserMapper.selectByUserName - ==>  Preparing: select id, username, password, email, active, roles, avatar from user where username=? 
17:03:09.233 [http-nio-80-exec-7] DEBUG c.a.j.m.UserMapper.selectByUserName - ==> Parameters: abby(String)
17:03:09.235 [http-nio-80-exec-7] DEBUG c.a.j.m.UserMapper.selectByUserName - <==      Total: 1
17:03:09.235 [http-nio-80-exec-7] DEBUG org.mybatis.spring.SqlSessionUtils - Closing non transactional SqlSession [org.apache.ibatis.session.defaults.DefaultSqlSession@74185c3e]
17:03:09.383 [http-nio-80-exec-7] DEBUG o.s.s.w.a.s.CompositeSessionAuthenticationStrategy - Delegating to org.springframework.security.web.authentication.session.ChangeSessionIdAuthenticationStrategy@6cff61fc
17:03:09.383 [http-nio-80-exec-7] DEBUG o.s.s.w.a.UsernamePasswordAuthenticationFilter - Authentication success. Updating SecurityContextHolder to contain: org.springframework.security.authentication.UsernamePasswordAuthenticationToken@5371d151: Principal: com.abby.jiaqing.security.CustomUserDetails@3be2b6f6; Credentials: [PROTECTED]; Authenticated: true; Details: org.springframework.security.web.authentication.WebAuthenticationDetails@957e: RemoteIpAddress: 127.0.0.1; SessionId: null; Granted Authorities: ROLE_SUPERUSER
17:03:09.383 [http-nio-80-exec-7] DEBUG o.s.s.w.h.writers.HstsHeaderWriter - Not injecting HSTS header since it did not match the requestMatcher org.springframework.security.web.header.writers.HstsHeaderWriter$SecureRequestMatcher@1d12a271
17:03:09.384 [http-nio-80-exec-7] DEBUG o.s.s.w.c.HttpSessionSecurityContextRepository - HttpSession being created as SecurityContext is non-default
17:03:09.384 [http-nio-80-exec-7] DEBUG o.s.s.w.c.HttpSessionSecurityContextRepository - SecurityContext 'org.springframework.security.core.context.SecurityContextImpl@5371d151: Authentication: org.springframework.security.authentication.UsernamePasswordAuthenticationToken@5371d151: Principal: com.abby.jiaqing.security.CustomUserDetails@3be2b6f6; Credentials: [PROTECTED]; Authenticated: true; Details: org.springframework.security.web.authentication.WebAuthenticationDetails@957e: RemoteIpAddress: 127.0.0.1; SessionId: null; Granted Authorities: ROLE_SUPERUSER' stored to HttpSession: 'org.apache.catalina.session.StandardSessionFacade@d2de418
17:03:09.385 [http-nio-80-exec-7] DEBUG o.s.s.w.c.SecurityContextPersistenceFilter - SecurityContextHolder now cleared, as request processing completed
17:03:09.503 [HikariPool-1 housekeeper] DEBUG com.zaxxer.hikari.pool.HikariPool - HikariPool-1 - Pool stats (total=10, active=0, idle=10, waiting=0)
