17:03:03.869 [http-nio-80-exec-5] DEBUG o.s.web.servlet.DispatcherServlet - GET "/user/isonline", parameters={}
17:03:03.874 [http-nio-80-exec-5] DEBUG o.s.w.s.m.m.a.RequestMappingHandlerMapping - Mapped to com.abby.jiaqing.web.UserController#isUserOnline(HttpServletRequest, HttpServletResponse)
17:03:03.874 [http-nio-80-exec-5] DEBUG o.s.s.w.h.writers.HstsHeaderWriter - Not injecting HSTS header since it did not match the requestMatcher org.springframework.security.web.header.writers.HstsHeaderWriter$SecureRequestMatcher@1d12a271
17:03:03.875 [http-nio-80-exec-5] DEBUG o.s.s.w.c.HttpSessionSecurityContextRepository - SecurityContext is empty or contents are anonymous - context will not be stored in HttpSession.
17:03:03.876 [http-nio-80-exec-5] DEBUG o.s.web.servlet.DispatcherServlet - Completed 200 OK
17:03:03.876 [http-nio-80-exec-5] DEBUG o.s.s.w.a.ExceptionTranslationFilter - Chain processed normally
17:03:03.876 [http-nio-80-exec-5] DEBUG o.s.s.w.c.SecurityContextPersistenceFilter - SecurityContextHolder now cleared, as request processing completed
17:03:03.906 [http-nio-80-exec-6] DEBUG o.s.s.w.u.m.AntPathRequestMatcher - Checking match of request : '/user/isonline'; against '/index.html'
17:03:03.906 [http-nio-80-exec-6] DEBUG o.s.s.w.u.m.AntPathRequestMatcher - Checking match of request : '/user/isonline'; against '/static/**'
17:03:03.906 [http-nio-80-exec-6] DEBUG o.s.security.web.FilterChainProxy - /user/isonline at position 1 of 11 in additional filter chain; firing Filter: 'WebAsyncManagerIntegrationFilter'
17:03:03.906 [http-nio-80-exec-6] DEBUG o.s.security.web.FilterChainProxy - /user/isonline at position 2 of 11 in additional filter chain; firing Filter: 'SecurityContextPersistenceFilter'
17:03:03.906 [http-nio-80-exec-6] DEBUG o.s.s.w.c.HttpSessionSecurityContextRepository - No HttpSession currently exists
17:03:03.906 [http-nio-80-exec-6] DEBUG o.s.s.w.c.HttpSessionSecurityContextRepository - No SecurityContext was available from the HttpSession: null. A new one will be created.
17:03:03.906 [http-nio-80-exec-6] DEBUG o.s.security.web.FilterChainProxy - /user/isonline at position 3 of 11 in additional filter chain; firing Filter: 'HeaderWriterFilter'
17:03:03.906 [http-nio-80-exec-6] DEBUG o.s.security.web.FilterChainProxy - /user/isonline at position 4 of 11 in additional filter chain; firing Filter: 'LogoutFilter'
17:03:03.906 [http-nio-80-exec-6] DEBUG o.s.s.w.u.matcher.OrRequestMatcher - Trying to match using Ant [pattern='/logout', GET]
17:03:03.907 [http-nio-80-exec-6] DEBUG o.s.s.w.u.m.AntPathRequestMatcher - Checking match of request : '/user/isonline'; against '/logout'
17:03:03.907 [http-nio-80-exec-6] DEBUG o.s.s.w.u.matcher.OrRequestMatcher - Trying to match using Ant [pattern='/logout', POST]
17:03:03.907 [http-nio-80-exec-6] DEBUG o.s.s.w.u.m.AntPathRequestMatcher - Request 'GET /user/isonline' doesn't match 'POST /logout'
17:03:03.907 [http-nio-80-exec-6] DEBUG o.s.s.w.u.matcher.OrRequestMatcher - Trying to match using Ant [pattern='/logout', PUT]
17:03:03.907 [http-nio-80-exec-6] DEBUG o.s.s.w.u.m.AntPathRequestMatcher - Request 'GET /user/isonline' doesn't match 'PUT /logout'
17:03:03.907 [http-nio-80-exec-6] DEBUG o.s.s.w.u.matcher.OrRequestMatcher - Trying to match using Ant [pattern='/logout', DELETE]
17:03:03.907 [http-nio-80-exec-6] DEBUG o.s.s.w.u.m.AntPathRequestMatcher - Request 'GET /user/isonline' doesn't match 'DELETE /logout'
17:03:03.907 [http-nio-80-exec-6] DEBUG o.s.s.w.u.matcher.OrRequestMatcher - No matches found
17:03:03.907 [http-nio-80-exec-6] DEBUG o.s.security.web.FilterChainProxy - /user/isonline at position 5 of 11 in additional filter chain; firing Filter: 'UsernamePasswordAuthenticationFilter'
17:03:03.907 [http-nio-80-exec-6] DEBUG o.s.s.w.u.m.AntPathRequestMatcher - Request 'GET /user/isonline' doesn't match 'POST /login'
17:03:03.907 [http-nio-80-exec-6] DEBUG o.s.security.web.FilterChainProxy - /user/isonline at position 6 of 11 in additional filter chain; firing Filter: 'RequestCacheAwareFilter'
17:03:03.907 [http-nio-80-exec-6] DEBUG o.s.s.w.s.HttpSessionRequestCache - saved request doesn't match
17:03:03.907 [http-nio-80-exec-6] DEBUG o.s.security.web.FilterChainProxy - /user/isonline at position 7 of 11 in additional filter chain; firing Filter: 'SecurityContextHolderAwareRequestFilter'
17:03:03.907 [http-nio-80-exec-6] DEBUG o.s.security.web.FilterChainProxy - /user/isonline at position 8 of 11 in additional filter chain; firing Filter: 'AnonymousAuthenticationFilter'
17:03:03.907 [http-nio-80-exec-6] DEBUG o.s.s.w.a.AnonymousAuthenticationFilter - Populated SecurityContextHolder with anonymous token: 'org.springframework.security.authentication.AnonymousAuthenticationToken@bfdcc2b0: Principal: anonymousUser; Credentials: [PROTECTED]; Authenticated: true; Details: org.springframework.security.web.authentication.WebAuthenticationDetails@957e: RemoteIpAddress: 127.0.0.1; SessionId: null; Granted Authorities: ROLE_ANONYMOUS'
17:03:03.907 [http-nio-80-exec-6] DEBUG o.s.security.web.FilterChainProxy - /user/isonline at position 9 of 11 in additional filter chain; firing Filter: 'SessionManagementFilter'
