16:58:08.368 [http-nio-80-exec-5] DEBUG o.s.s.w.u.matcher.OrRequestMatcher - Trying to match using Ant [pattern='/logout', POST]
16:58:08.387 [http-nio-80-exec-5] DEBUG o.s.s.w.u.m.AntPathRequestMatcher - Request 'GET /user/isonline' doesn't match 'POST /logout'
16:58:08.387 [http-nio-80-exec-5] DEBUG o.s.s.w.u.matcher.OrRequestMatcher - Trying to match using Ant [pattern='/logout', PUT]
16:58:08.387 [http-nio-80-exec-5] DEBUG o.s.s.w.u.m.AntPathRequestMatcher - Request 'GET /user/isonline' doesn't match 'PUT /logout'
16:58:08.387 [http-nio-80-exec-5] DEBUG o.s.s.w.u.matcher.OrRequestMatcher - Trying to match using Ant [pattern='/logout', DELETE]
16:58:08.387 [http-nio-80-exec-5] DEBUG o.s.s.w.u.m.AntPathRequestMatcher - Request 'GET /user/isonline' doesn't match 'DELETE /logout'
16:58:08.387 [http-nio-80-exec-5] DEBUG o.s.s.w.u.matcher.OrRequestMatcher - No matches found
16:58:08.387 [http-nio-80-exec-5] DEBUG o.s.security.web.FilterChainProxy - /user/isonline at position 5 of 11 in additional filter chain; firing Filter: 'UsernamePasswordAuthenticationFilter'
16:58:08.388 [http-nio-80-exec-5] DEBUG o.s.s.w.u.m.AntPathRequestMatcher - Request 'GET /user/isonline' doesn't match 'POST /login'
16:58:08.388 [http-nio-80-exec-5] DEBUG o.s.security.web.FilterChainProxy - /user/isonline at position 6 of 11 in additional filter chain; firing Filter: 'RequestCacheAwareFilter'
16:58:08.388 [http-nio-80-exec-5] DEBUG o.s.s.w.s.HttpSessionRequestCache - saved request doesn't match
16:58:08.388 [http-nio-80-exec-5] DEBUG o.s.security.web.FilterChainProxy - /user/isonline at position 7 of 11 in additional filter chain; firing Filter: 'SecurityContextHolderAwareRequestFilter'
16:58:08.388 [http-nio-80-exec-5] DEBUG o.s.security.web.FilterChainProxy - /user/isonline at position 8 of 11 in additional filter chain; firing Filter: 'AnonymousAuthenticationFilter'
16:58:08.388 [http-nio-80-exec-5] DEBUG o.s.s.w.a.AnonymousAuthenticationFilter - SecurityContextHolder not populated with anonymous token, as it already contained: 'org.springframework.security.authentication.UsernamePasswordAuthenticationToken@5a2e062e: Principal: com.abby.jiaqing.security.CustomUserDetails@32bd6189; Credentials: [PROTECTED]; Authenticated: true; Details: org.springframework.security.web.authentication.WebAuthenticationDetails@957e: RemoteIpAddress: 127.0.0.1; SessionId: null; Granted Authorities: ROLE_SUPERUSER'
16:58:08.388 [http-nio-80-exec-5] DEBUG o.s.security.web.FilterChainProxy - /user/isonline at position 9 of 11 in additional filter chain; firing Filter: 'SessionManagementFilter'
16:58:08.388 [http-nio-80-exec-5] DEBUG o.s.security.web.FilterChainProxy - /user/isonline at position 10 of 11 in additional filter chain; firing Filter: 'ExceptionTranslationFilter'
16:58:08.388 [http-nio-80-exec-5] DEBUG o.s.security.web.FilterChainProxy - /user/isonline at position 11 of 11 in additional filter chain; firing Filter: 'FilterSecurityInterceptor'
16:58:08.388 [http-nio-80-exec-5] DEBUG o.s.s.w.u.matcher.OrRequestMatcher - Trying to match using Ant [pattern='/logout', GET]
16:58:08.388 [http-nio-80-exec-5] DEBUG o.s.s.w.u.m.AntPathRequestMatcher - Checking match of request : '/user/isonline'; against '/logout'
16:58:08.388 [http-nio-80-exec-5] DEBUG o.s.s.w.u.matcher.OrRequestMatcher - Trying to match using Ant [pattern='/logout', POST]
16:58:08.388 [http-nio-80-exec-5] DEBUG o.s.s.w.u.m.AntPathRequestMatcher - Request 'GET /user/isonline' doesn't match 'POST /logout'
16:58:08.388 [http-nio-80-exec-5] DEBUG o.s.s.w.u.matcher.OrRequestMatcher - Trying to match using Ant [pattern='/logout', PUT]
16:58:08.388 [http-nio-80-exec-5] DEBUG o.s.s.w.u.m.AntPathRequestMatcher - Request 'GET /user/isonline' doesn't match 'PUT /logout'
16:58:08.388 [http-nio-80-exec-5] DEBUG o.s.s.w.u.matcher.OrRequestMatcher - Trying to match using Ant [pattern='/logout', DELETE]
16:58:08.388 [http-nio-80-exec-5] DEBUG o.s.s.w.u.m.AntPathRequestMatcher - Request 'GET /user/isonline' doesn't match 'DELETE /logout'
16:58:08.388 [http-nio-80-exec-5] DEBUG o.s.s.w.u.matcher.OrRequestMatcher - No matches found
16:58:08.388 [http-nio-80-exec-5] DEBUG o.s.s.w.u.m.AntPathRequestMatcher - Checking match of request : '/user/isonline'; against '/test/**'
16:58:08.388 [http-nio-80-exec-5] DEBUG o.s.s.w.u.m.AntPathRequestMatcher - Checking match of request : '/user/isonline'; against '/user/isonline**'
16:58:08.388 [http-nio-80-exec-5] DEBUG o.s.s.w.a.i.FilterSecurityInterceptor - Secure object: FilterInvocation: URL: /user/isonline; Attributes: [permitAll]
16:58:08.389 [http-nio-80-exec-5] DEBUG o.s.s.w.a.i.FilterSecurityInterceptor - Previously Authenticated: org.springframework.security.authentication.UsernamePasswordAuthenticationToken@5a2e062e: Principal: com.abby.jiaqing.security.CustomUserDetails@32bd6189; Credentials: [PROTECTED]; Authenticated: true; Details: org.springframework.security.web.authentication.WebAuthenticationDetails@957e: RemoteIpAddress: 127.0.0.1; SessionId: null; Granted Authorities: ROLE_SUPERUSER
16:58:08.389 [http-nio-80-exec-5] DEBUG o.s.s.access.vote.AffirmativeBased - Voter: org.springframework.security.web.access.expression.WebExpressionVoter@58590e61, returned: 1
16:58:08.389 [http-nio-80-exec-5] DEBUG o.s.s.w.a.i.FilterSecurityInterceptor - Authorization successful
