17:06:55.611 [http-nio-80-exec-3] DEBUG o.s.s.w.c.HttpSessionSecurityContextRepository - No HttpSession currently exists
17:06:55.614 [http-nio-80-exec-3] DEBUG o.s.s.w.c.HttpSessionSecurityContextRepository - No SecurityContext was available from the HttpSession: null. A new one will be created.
17:06:55.614 [http-nio-80-exec-3] DEBUG o.s.security.web.FilterChainProxy - /login at position 3 of 11 in additional filter chain; firing Filter: 'HeaderWriterFilter'
17:06:55.615 [http-nio-80-exec-3] DEBUG o.s.security.web.FilterChainProxy - /login at position 4 of 11 in additional filter chain; firing Filter: 'LogoutFilter'
17:06:55.615 [http-nio-80-exec-3] DEBUG o.s.s.w.u.matcher.OrRequestMatcher - Trying to match using Ant [pattern='/logout', GET]
17:06:55.615 [http-nio-80-exec-3] DEBUG o.s.s.w.u.m.AntPathRequestMatcher - Request 'POST /login' doesn't match 'GET /logout'
17:06:55.615 [http-nio-80-exec-3] DEBUG o.s.s.w.u.matcher.OrRequestMatcher - Trying to match using Ant [pattern='/logout', POST]
17:06:55.615 [http-nio-80-exec-3] DEBUG o.s.s.w.u.m.AntPathRequestMatcher - Checking match of request : '/login'; against '/logout'
17:06:55.615 [http-nio-80-exec-3] DEBUG o.s.s.w.u.matcher.OrRequestMatcher - Trying to match using Ant [pattern='/logout', PUT]
17:06:55.615 [http-nio-80-exec-3] DEBUG o.s.s.w.u.m.AntPathRequestMatcher - Request 'POST /login' doesn't match 'PUT /logout'
17:06:55.615 [http-nio-80-exec-3] DEBUG o.s.s.w.u.matcher.OrRequestMatcher - Trying to match using Ant [pattern='/logout', DELETE]
17:06:55.615 [http-nio-80-exec-3] DEBUG o.s.s.w.u.m.AntPathRequestMatcher - Request 'POST /login' doesn't match 'DELETE /logout'
17:06:55.615 [http-nio-80-exec-3] DEBUG o.s.s.w.u.matcher.OrRequestMatcher - No matches found
17:06:55.615 [http-nio-80-exec-3] DEBUG o.s.security.web.FilterChainProxy - /login at position 5 of 11 in additional filter chain; firing Filter: 'UsernamePasswordAuthenticationFilter'
17:06:55.616 [http-nio-80-exec-3] DEBUG o.s.s.w.u.m.AntPathRequestMatcher - Checking match of request : '/login'; against '/login'
17:06:55.616 [http-nio-80-exec-3] DEBUG o.s.s.w.a.UsernamePasswordAuthenticationFilter - Request is to process authentication
17:06:55.616 [http-nio-80-exec-3] DEBUG o.s.s.authentication.ProviderManager - Authentication attempt using org.springframework.security.authentication.dao.DaoAuthenticationProvider
17:06:55.616 [http-nio-80-exec-3] DEBUG org.mybatis.spring.SqlSessionUtils - Creating a new SqlSession
17:06:55.616 [http-nio-80-exec-3] DEBUG org.mybatis.spring.SqlSessionUtils - SqlSession [org.apache.ibatis.session.defaults.DefaultSqlSession@7849039d] was not registered for synchronization because synchronization is not active
17:06:55.616 [http-nio-80-exec-3] DEBUG o.s.jdbc.datasource.DataSourceUtils - Fetching JDBC Connection from DataSource
17:06:55.617 [http-nio-80-exec-3] DEBUG o.m.s.t.SpringManagedTransaction - JDBC Connection [HikariProxyConnection@113397700 wrapping com.mysql.cj.jdbc.ConnectionImpl@d298eb4] will not be managed by Spring
17:06:55.617 [http-nio-80-exec-3] DEBUG c.a.j.m.UserMapper.selectByUserName - ==>  Preparing: select id, username, password, email, active, roles, avatar from user where username=? 
17:06:55.617 [http-nio-80-exec-3] DEBUG c.a.j.m.UserMapper.selectByUserName - ==> Parameters: abby(String)
17:06:55.620 [http-nio-80-exec-3] DEBUG c.a.j.m.UserMapper.selectByUserName - <==      Total: 1
17:06:55.620 [http-nio-80-exec-3] DEBUG org.mybatis.spring.SqlSessionUtils - Closing non transactional SqlSession [org.apache.ibatis.session.defaults.DefaultSqlSession@7849039d]
17:06:55.767 [http-nio-80-exec-3] DEBUG o.s.s.w.a.s.CompositeSessionAuthenticationStrategy - Delegating to org.springframework.security.web.authentication.session.ChangeSessionIdAuthenticationStrategy@6cff61fc
17:06:55.767 [http-nio-80-exec-3] DEBUG o.s.s.w.a.UsernamePasswordAuthenticationFilter - Authentication success. Updating SecurityContextHolder to contain: org.springframework.security.authentication.UsernamePasswordAuthenticationToken@2d89c2ad: Principal: com.abby.jiaqing.security.CustomUserDetails@451aa50a; Credentials: [PROTECTED]; Authenticated: true; Details: org.springframework.security.web.authentication.WebAuthenticationDetails@957e: RemoteIpAddress: 127.0.0.1; SessionId: null; Granted Authorities: ROLE_SUPERUSER
17:06:55.767 [http-nio-80-exec-3] DEBUG o.s.s.w.h.writers.HstsHeaderWriter - Not injecting HSTS header since it did not match the requestMatcher org.springframework.security.web.header.writers.HstsHeaderWriter$SecureRequestMatcher@1d12a271
17:06:55.768 [http-nio-80-exec-3] DEBUG o.s.s.w.c.HttpSessionSecurityContextRepository - HttpSession being created as SecurityContext is non-default
17:06:55.768 [http-nio-80-exec-3] DEBUG o.s.s.w.c.HttpSessionSecurityContextRepository - SecurityContext 'org.springframework.security.core.context.SecurityContextImpl@2d89c2ad: Authentication: org.springframework.security.authentication.UsernamePasswordAuthenticationToken@2d89c2ad: Principal: com.abby.jiaqing.security.CustomUserDetails@451aa50a; Credentials: [PROTECTED]; Authenticated: true; Details: org.springframework.security.web.authentication.WebAuthenticationDetails@957e: RemoteIpAddress: 127.0.0.1; SessionId: null; Granted Authorities: ROLE_SUPERUSER' stored to HttpSession: 'org.apache.catalina.session.StandardSessionFacade@757f03df
17:06:55.769 [http-nio-80-exec-3] DEBUG o.s.s.w.c.SecurityContextPersistenceFilter - SecurityContextHolder now cleared, as request processing completed
