16:57:41.533 [http-nio-80-exec-4] DEBUG o.s.s.w.u.matcher.OrRequestMatcher - Trying to match using Ant [pattern='/logout', GET]
16:57:41.536 [http-nio-80-exec-4] DEBUG o.s.s.w.u.m.AntPathRequestMatcher - Checking match of request : '/user/isonline'; against '/logout'
16:57:41.536 [http-nio-80-exec-4] DEBUG o.s.s.w.u.matcher.OrRequestMatcher - Trying to match using Ant [pattern='/logout', POST]
16:57:41.537 [http-nio-80-exec-4] DEBUG o.s.s.w.u.m.AntPathRequestMatcher - Request 'GET /user/isonline' doesn't match 'POST /logout'
16:57:41.537 [http-nio-80-exec-4] DEBUG o.s.s.w.u.matcher.OrRequestMatcher - Trying to match using Ant [pattern='/logout', PUT]
16:57:41.537 [http-nio-80-exec-4] DEBUG o.s.s.w.u.m.AntPathRequestMatcher - Request 'GET /user/isonline' doesn't match 'PUT /logout'
16:57:41.537 [http-nio-80-exec-4] DEBUG o.s.s.w.u.matcher.OrRequestMatcher - Trying to match using Ant [pattern='/logout', DELETE]
16:57:41.537 [http-nio-80-exec-4] DEBUG o.s.s.w.u.m.AntPathRequestMatcher - Request 'GET /user/isonline' doesn't match 'DELETE /logout'
16:57:41.537 [http-nio-80-exec-4] DEBUG o.s.s.w.u.matcher.OrRequestMatcher - No matches found
16:57:41.537 [http-nio-80-exec-4] DEBUG o.s.s.w.u.m.AntPathRequestMatcher - Checking match of request : '/user/isonline'; against '/test/**'
16:57:41.537 [http-nio-80-exec-4] DEBUG o.s.s.w.u.m.AntPathRequestMatcher - Checking match of request : '/user/isonline'; against '/user/isonline**'
16:57:41.537 [http-nio-80-exec-4] DEBUG o.s.s.w.a.i.FilterSecurityInterceptor - Secure object: FilterInvocation: URL: /user/isonline; Attributes: [permitAll]
16:57:41.537 [http-nio-80-exec-4] DEBUG o.s.s.w.a.i.FilterSecurityInterceptor - Previously Authenticated: org.springframework.security.authentication.UsernamePasswordAuthenticationToken@5a2e062e: Principal: com.abby.jiaqing.security.CustomUserDetails@32bd6189; Credentials: [PROTECTED]; Authenticated: true; Details: org.springframework.security.web.authentication.WebAuthenticationDetails@957e: RemoteIpAddress: 127.0.0.1; SessionId: null; Granted Authorities: ROLE_SUPERUSER
16:57:41.538 [http-nio-80-exec-4] DEBUG o.s.s.access.vote.AffirmativeBased - Voter: org.springframework.security.web.access.expression.WebExpressionVoter@58590e61, returned: 1
16:57:41.538 [http-nio-80-exec-4] DEBUG o.s.s.w.a.i.FilterSecurityInterceptor - Authorization successful
16:57:41.538 [http-nio-80-exec-4] DEBUG o.s.s.w.a.i.FilterSecurityInterceptor - RunAsManager did not change Authentication object
16:57:41.538 [http-nio-80-exec-4] DEBUG o.s.security.web.FilterChainProxy - /user/isonline reached end of additional filter chain; proceeding with original chain
16:57:41.538 [http-nio-80-exec-4] DEBUG o.s.web.servlet.DispatcherServlet - GET "/user/isonline", parameters={}
16:57:41.538 [http-nio-80-exec-4] DEBUG o.s.w.s.m.m.a.RequestMappingHandlerMapping - Mapped to com.abby.jiaqing.web.UserController#isUserOnline(HttpServletRequest, HttpServletResponse)
16:57:41.539 [http-nio-80-exec-4] DEBUG o.s.s.w.h.writers.HstsHeaderWriter - Not injecting HSTS header since it did not match the requestMatcher org.springframework.security.web.header.writers.HstsHeaderWriter$SecureRequestMatcher@1d12a271
16:57:41.540 [http-nio-80-exec-4] DEBUG o.s.web.servlet.DispatcherServlet - Completed 200 OK
16:57:41.541 [http-nio-80-exec-4] DEBUG o.s.s.w.a.ExceptionTranslationFilter - Chain processed normally
16:57:41.541 [http-nio-80-exec-4] DEBUG o.s.s.w.c.SecurityContextPersistenceFilter - SecurityContextHolder now cleared, as request processing completed
