17:01:52.481 [http-nio-80-exec-8] DEBUG o.s.s.w.c.HttpSessionSecurityContextRepository - No HttpSession currently exists
17:01:52.486 [http-nio-80-exec-8] DEBUG o.s.s.w.c.HttpSessionSecurityContextRepository - No SecurityContext was available from the HttpSession: null. A new one will be created.
17:01:52.486 [http-nio-80-exec-8] DEBUG o.s.security.web.FilterChainProxy - /user/isonline at position 3 of 11 in additional filter chain; firing Filter: 'HeaderWriterFilter'
17:01:52.486 [http-nio-80-exec-8] DEBUG o.s.security.web.FilterChainProxy - /user/isonline at position 4 of 11 in additional filter chain; firing Filter: 'LogoutFilter'
17:01:52.486 [http-nio-80-exec-8] DEBUG o.s.s.w.u.matcher.OrRequestMatcher - Trying to match using Ant [pattern='/logout', GET]
17:01:52.487 [http-nio-80-exec-8] DEBUG o.s.s.w.u.m.AntPathRequestMatcher - Checking match of request : '/user/isonline'; against '/logout'
17:01:52.487 [http-nio-80-exec-8] DEBUG o.s.s.w.u.matcher.OrRequestMatcher - Trying to match using Ant [pattern='/logout', POST]
17:01:52.487 [http-nio-80-exec-8] DEBUG o.s.s.w.u.m.AntPathRequestMatcher - Request 'GET /user/isonline' doesn't match 'POST /logout'
17:01:52.487 [http-nio-80-exec-8] DEBUG o.s.s.w.u.matcher.OrRequestMatcher - Trying to match using Ant [pattern='/logout', PUT]
17:01:52.487 [http-nio-80-exec-8] DEBUG o.s.s.w.u.m.AntPathRequestMatcher - Request 'GET /user/isonline' doesn't match 'PUT /logout'
17:01:52.487 [http-nio-80-exec-8] DEBUG o.s.s.w.u.matcher.OrRequestMatcher - Trying to match using Ant [pattern='/logout', DELETE]
17:01:52.487 [http-nio-80-exec-8] DEBUG o.s.s.w.u.m.AntPathRequestMatcher - Request 'GET /user/isonline' doesn't match 'DELETE /logout'
17:01:52.487 [http-nio-80-exec-8] DEBUG o.s.s.w.u.matcher.OrRequestMatcher - No matches found
17:01:52.487 [http-nio-80-exec-8] DEBUG o.s.security.web.FilterChainProxy - /user/isonline at position 5 of 11 in additional filter chain; firing Filter: 'UsernamePasswordAuthenticationFilter'
17:01:52.488 [http-nio-80-exec-8] DEBUG o.s.s.w.u.m.AntPathRequestMatcher - Request 'GET /user/isonline' doesn't match 'POST /login'
17:01:52.488 [http-nio-80-exec-8] DEBUG o.s.security.web.FilterChainProxy - /user/isonline at position 6 of 11 in additional filter chain; firing Filter: 'RequestCacheAwareFilter'
17:01:52.488 [http-nio-80-exec-8] DEBUG o.s.s.w.s.HttpSessionRequestCache - saved request doesn't match
17:01:52.488 [http-nio-80-exec-8] DEBUG o.s.security.web.FilterChainProxy - /user/isonline at position 7 of 11 in additional filter chain; firing Filter: 'SecurityContextHolderAwareRequestFilter'
17:01:52.488 [http-nio-80-exec-8] DEBUG o.s.security.web.FilterChainProxy - /user/isonline at position 8 of 11 in additional filter chain; firing Filter: 'AnonymousAuthenticationFilter'
17:01:52.488 [http-nio-80-exec-8] DEBUG o.s.s.w.a.AnonymousAuthenticationFilter - Populated SecurityContextHolder with anonymous token: 'org.springframework.security.authentication.AnonymousAuthenticationToken@bfdcc2b0: Principal: anonymousUser; Credentials: [PROTECTED]; Authenticated: true; Details: org.springframework.security.web.authentication.WebAuthenticationDetails@957e: RemoteIpAddress: 127.0.0.1; SessionId: null; Granted Authorities: ROLE_ANONYMOUS'
17:01:52.488 [http-nio-80-exec-8] DEBUG o.s.security.web.FilterChainProxy - /user/isonline at position 9 of 11 in additional filter chain; firing Filter: 'SessionManagementFilter'
17:01:52.488 [http-nio-80-exec-8] DEBUG o.s.security.web.FilterChainProxy - /user/isonline at position 10 of 11 in additional filter chain; firing Filter: 'ExceptionTranslationFilter'
17:01:52.488 [http-nio-80-exec-8] DEBUG o.s.security.web.FilterChainProxy - /user/isonline at position 11 of 11 in additional filter chain; firing Filter: 'FilterSecurityInterceptor'
17:01:52.488 [http-nio-80-exec-8] DEBUG o.s.s.w.u.matcher.OrRequestMatcher - Trying to match using Ant [pattern='/logout', GET]
17:01:52.488 [http-nio-80-exec-8] DEBUG o.s.s.w.u.m.AntPathRequestMatcher - Checking match of request : '/user/isonline'; against '/logout'
17:01:52.488 [http-nio-80-exec-8] DEBUG o.s.s.w.u.matcher.OrRequestMatcher - Trying to match using Ant [pattern='/logout', POST]
17:01:52.488 [http-nio-80-exec-8] DEBUG o.s.s.w.u.m.AntPathRequestMatcher - Request 'GET /user/isonline' doesn't match 'POST /logout'
17:01:52.488 [http-nio-80-exec-8] DEBUG o.s.s.w.u.matcher.OrRequestMatcher - Trying to match using Ant [pattern='/logout', PUT]
17:01:52.488 [http-nio-80-exec-8] DEBUG o.s.s.w.u.m.AntPathRequestMatcher - Request 'GET /user/isonline' doesn't match 'PUT /logout'
17:01:52.488 [http-nio-80-exec-8] DEBUG o.s.s.w.u.matcher.OrRequestMatcher - Trying to match using Ant [pattern='/logout', DELETE]
17:01:52.488 [http-nio-80-exec-8] DEBUG o.s.s.w.u.m.AntPathRequestMatcher - Request 'GET /user/isonline' doesn't match 'DELETE /logout'
17:01:52.489 [http-nio-80-exec-8] DEBUG o.s.s.w.u.matcher.OrRequestMatcher - No matches found
