16:56:50.813 [http-nio-80-exec-3] DEBUG o.s.s.w.u.matcher.OrRequestMatcher - Trying to match using Ant [pattern='/logout', PUT]
16:56:50.821 [http-nio-80-exec-3] DEBUG o.s.s.w.u.m.AntPathRequestMatcher - Request 'GET /user/isonline' doesn't match 'PUT /logout'
16:56:50.821 [http-nio-80-exec-3] DEBUG o.s.s.w.u.matcher.OrRequestMatcher - Trying to match using Ant [pattern='/logout', DELETE]
16:56:50.822 [http-nio-80-exec-3] DEBUG o.s.s.w.u.m.AntPathRequestMatcher - Request 'GET /user/isonline' doesn't match 'DELETE /logout'
16:56:50.822 [http-nio-80-exec-3] DEBUG o.s.s.w.u.matcher.OrRequestMatcher - No matches found
16:56:50.822 [http-nio-80-exec-3] DEBUG o.s.security.web.FilterChainProxy - /user/isonline at position 5 of 11 in additional filter chain; firing Filter: 'UsernamePasswordAuthenticationFilter'
16:56:50.829 [http-nio-80-exec-3] DEBUG o.s.s.w.u.m.AntPathRequestMatcher - Request 'GET /user/isonline' doesn't match 'POST /login'
16:56:50.829 [http-nio-80-exec-3] DEBUG o.s.security.web.FilterChainProxy - /user/isonline at position 6 of 11 in additional filter chain; firing Filter: 'RequestCacheAwareFilter'
16:56:50.829 [http-nio-80-exec-3] DEBUG o.s.s.w.s.HttpSessionRequestCache - saved request doesn't match
16:56:50.829 [http-nio-80-exec-3] DEBUG o.s.security.web.FilterChainProxy - /user/isonline at position 7 of 11 in additional filter chain; firing Filter: 'SecurityContextHolderAwareRequestFilter'
16:56:50.829 [http-nio-80-exec-3] DEBUG o.s.security.web.FilterChainProxy - /user/isonline at position 8 of 11 in additional filter chain; firing Filter: 'AnonymousAuthenticationFilter'
16:56:50.830 [http-nio-80-exec-3] DEBUG o.s.s.w.a.AnonymousAuthenticationFilter - Populated SecurityContextHolder with anonymous token: 'org.springframework.security.authentication.AnonymousAuthenticationToken@19e0ff5c: Principal: anonymousUser; Credentials: [PROTECTED]; Authenticated: true; Details: org.springframework.security.web.authentication.WebAuthenticationDetails@957e: RemoteIpAddress: 127.0.0.1; SessionId: null; Granted Authorities: ROLE_ANONYMOUS'
16:56:50.830 [http-nio-80-exec-3] DEBUG o.s.security.web.FilterChainProxy - /user/isonline at position 9 of 11 in additional filter chain; firing Filter: 'SessionManagementFilter'
16:56:50.830 [http-nio-80-exec-3] DEBUG o.s.s.w.s.SessionManagementFilter - Requested session ID DA731B356CA6FCC64680A5AF29B79D6C is invalid.
16:56:50.830 [http-nio-80-exec-3] DEBUG o.s.security.web.FilterChainProxy - /user/isonline at position 10 of 11 in additional filter chain; firing Filter: 'ExceptionTranslationFilter'
16:56:50.830 [http-nio-80-exec-3] DEBUG o.s.security.web.FilterChainProxy - /user/isonline at position 11 of 11 in additional filter chain; firing Filter: 'FilterSecurityInterceptor'
16:56:50.830 [http-nio-80-exec-3] DEBUG o.s.s.w.u.matcher.OrRequestMatcher - Trying to match using Ant [pattern='/logout', GET]
16:56:50.830 [http-nio-80-exec-3] DEBUG o.s.s.w.u.m.AntPathRequestMatcher - Checking match of request : '/user/isonline'; against '/logout'
16:56:50.830 [http-nio-80-exec-3] DEBUG o.s.s.w.u.matcher.OrRequestMatcher - Trying to match using Ant [pattern='/logout', POST]
16:56:50.830 [http-nio-80-exec-3] DEBUG o.s.s.w.u.m.AntPathRequestMatcher - Request 'GET /user/isonline' doesn't match 'POST /logout'
16:56:50.830 [http-nio-80-exec-3] DEBUG o.s.s.w.u.matcher.OrRequestMatcher - Trying to match using Ant [pattern='/logout', PUT]
16:56:50.830 [http-nio-80-exec-3] DEBUG o.s.s.w.u.m.AntPathRequestMatcher - Request 'GET /user/isonline' doesn't match 'PUT /logout'
16:56:50.830 [http-nio-80-exec-3] DEBUG o.s.s.w.u.matcher.OrRequestMatcher - Trying to match using Ant [pattern='/logout', DELETE]
16:56:50.830 [http-nio-80-exec-3] DEBUG o.s.s.w.u.m.AntPathRequestMatcher - Request 'GET /user/isonline' doesn't match 'DELETE /logout'
16:56:50.830 [http-nio-80-exec-3] DEBUG o.s.s.w.u.matcher.OrRequestMatcher - No matches found
16:56:50.830 [http-nio-80-exec-3] DEBUG o.s.s.w.u.m.AntPathRequestMatcher - Checking match of request : '/user/isonline'; against '/test/**'
16:56:50.830 [http-nio-80-exec-3] DEBUG o.s.s.w.u.m.AntPathRequestMatcher - Checking match of request : '/user/isonline'; against '/user/isonline**'
16:56:50.831 [http-nio-80-exec-3] DEBUG o.s.s.w.a.i.FilterSecurityInterceptor - Secure object: FilterInvocation: URL: /user/isonline; Attributes: [permitAll]
16:56:50.831 [http-nio-80-exec-3] DEBUG o.s.s.w.a.i.FilterSecurityInterceptor - Previously Authenticated: org.springframework.security.authentication.AnonymousAuthenticationToken@19e0ff5c: Principal: anonymousUser; Credentials: [PROTECTED]; Authenticated: true; Details: org.springframework.security.web.authentication.WebAuthenticationDetails@957e: RemoteIpAddress: 127.0.0.1; SessionId: null; Granted Authorities: ROLE_ANONYMOUS
16:56:50.831 [http-nio-80-exec-3] DEBUG o.s.s.access.vote.AffirmativeBased - Voter: org.springframework.security.web.access.expression.WebExpressionVoter@55349a34, returned: 1
16:56:50.831 [http-nio-80-exec-3] DEBUG o.s.s.w.a.i.FilterSecurityInterceptor - Authorization successful
16:56:50.831 [http-nio-80-exec-3] DEBUG o.s.s.w.a.i.FilterSecurityInterceptor - RunAsManager did not change Authentication object
16:56:50.831 [http-nio-80-exec-3] DEBUG o.s.security.web.FilterChainProxy - /user/isonline reached end of additional filter chain; proceeding with original chain
16:56:50.831 [http-nio-80-exec-3] DEBUG o.s.web.servlet.DispatcherServlet - GET "/user/isonline", parameters={}
16:56:50.832 [http-nio-80-exec-3] DEBUG o.s.w.s.m.m.a.RequestMappingHandlerMapping - Mapped to com.abby.jiaqing.web.UserController#isUserOnline(HttpServletRequest, HttpServletResponse)
16:56:50.832 [http-nio-80-exec-3] DEBUG o.s.s.w.h.writers.HstsHeaderWriter - Not injecting HSTS header since it did not match the requestMatcher org.springframework.security.web.header.writers.HstsHeaderWriter$SecureRequestMatcher@40ff66eb
16:56:50.832 [http-nio-80-exec-3] DEBUG o.s.s.w.c.HttpSessionSecurityContextRepository - SecurityContext is empty or contents are anonymous - context will not be stored in HttpSession.
16:56:50.834 [http-nio-80-exec-3] DEBUG o.s.web.servlet.DispatcherServlet - Completed 200 OK
16:56:50.834 [http-nio-80-exec-3] DEBUG o.s.s.w.a.ExceptionTranslationFilter - Chain processed normally
16:56:50.834 [http-nio-80-exec-3] DEBUG o.s.s.w.c.SecurityContextPersistenceFilter - SecurityContextHolder now cleared, as request processing completed
