17:48:29.692 [http-nio-80-exec-5] DEBUG o.s.security.web.FilterChainProxy - /user/isonline at position 7 of 11 in additional filter chain; firing Filter: 'SecurityContextHolderAwareRequestFilter'
17:48:29.695 [http-nio-80-exec-5] DEBUG o.s.security.web.FilterChainProxy - /user/isonline at position 8 of 11 in additional filter chain; firing Filter: 'AnonymousAuthenticationFilter'
17:48:29.695 [http-nio-80-exec-5] DEBUG o.s.s.w.a.AnonymousAuthenticationFilter - Populated SecurityContextHolder with anonymous token: 'org.springframework.security.authentication.AnonymousAuthenticationToken@bfdcc2b0: Principal: anonymousUser; Credentials: [PROTECTED]; Authenticated: true; Details: org.springframework.security.web.authentication.WebAuthenticationDetails@957e: RemoteIpAddress: 127.0.0.1; SessionId: null; Granted Authorities: ROLE_ANONYMOUS'
17:48:29.696 [http-nio-80-exec-5] DEBUG o.s.security.web.FilterChainProxy - /user/isonline at position 9 of 11 in additional filter chain; firing Filter: 'SessionManagementFilter'
17:48:29.696 [http-nio-80-exec-5] DEBUG o.s.s.w.s.SessionManagementFilter - Requested session ID 273E1A08AAAC9810D58115F760972CDF is invalid.
17:48:29.696 [http-nio-80-exec-5] DEBUG o.s.security.web.FilterChainProxy - /user/isonline at position 10 of 11 in additional filter chain; firing Filter: 'ExceptionTranslationFilter'
17:48:29.696 [http-nio-80-exec-5] DEBUG o.s.security.web.FilterChainProxy - /user/isonline at position 11 of 11 in additional filter chain; firing Filter: 'FilterSecurityInterceptor'
17:48:29.696 [http-nio-80-exec-5] DEBUG o.s.s.w.u.matcher.OrRequestMatcher - Trying to match using Ant [pattern='/logout', GET]
17:48:29.696 [http-nio-80-exec-5] DEBUG o.s.s.w.u.m.AntPathRequestMatcher - Checking match of request : '/user/isonline'; against '/logout'
17:48:29.696 [http-nio-80-exec-5] DEBUG o.s.s.w.u.matcher.OrRequestMatcher - Trying to match using Ant [pattern='/logout', POST]
17:48:29.696 [http-nio-80-exec-5] DEBUG o.s.s.w.u.m.AntPathRequestMatcher - Request 'GET /user/isonline' doesn't match 'POST /logout'
17:48:29.696 [http-nio-80-exec-5] DEBUG o.s.s.w.u.matcher.OrRequestMatcher - Trying to match using Ant [pattern='/logout', PUT]
17:48:29.696 [http-nio-80-exec-5] DEBUG o.s.s.w.u.m.AntPathRequestMatcher - Request 'GET /user/isonline' doesn't match 'PUT /logout'
17:48:29.696 [http-nio-80-exec-5] DEBUG o.s.s.w.u.matcher.OrRequestMatcher - Trying to match using Ant [pattern='/logout', DELETE]
17:48:29.697 [http-nio-80-exec-5] DEBUG o.s.s.w.u.m.AntPathRequestMatcher - Request 'GET /user/isonline' doesn't match 'DELETE /logout'
17:48:29.697 [http-nio-80-exec-5] DEBUG o.s.s.w.u.matcher.OrRequestMatcher - No matches found
17:48:29.697 [http-nio-80-exec-5] DEBUG o.s.s.w.u.m.AntPathRequestMatcher - Checking match of request : '/user/isonline'; against '/test/**'
17:48:29.697 [http-nio-80-exec-5] DEBUG o.s.s.w.u.m.AntPathRequestMatcher - Checking match of request : '/user/isonline'; against '/user/isonline**'
17:48:29.697 [http-nio-80-exec-5] DEBUG o.s.s.w.a.i.FilterSecurityInterceptor - Secure object: FilterInvocation: URL: /user/isonline; Attributes: [permitAll]
17:48:29.697 [http-nio-80-exec-5] DEBUG o.s.s.w.a.i.FilterSecurityInterceptor - Previously Authenticated: org.springframework.security.authentication.AnonymousAuthenticationToken@bfdcc2b0: Principal: anonymousUser; Credentials: [PROTECTED]; Authenticated: true; Details: org.springframework.security.web.authentication.WebAuthenticationDetails@957e: RemoteIpAddress: 127.0.0.1; SessionId: null; Granted Authorities: ROLE_ANONYMOUS
17:48:29.697 [http-nio-80-exec-5] DEBUG o.s.s.access.vote.AffirmativeBased - Voter: org.springframework.security.web.access.expression.WebExpressionVoter@58590e61, returned: 1
17:48:29.697 [http-nio-80-exec-5] DEBUG o.s.s.w.a.i.FilterSecurityInterceptor - Authorization successful
17:48:29.697 [http-nio-80-exec-5] DEBUG o.s.s.w.a.i.FilterSecurityInterceptor - RunAsManager did not change Authentication object
17:48:29.697 [http-nio-80-exec-5] DEBUG o.s.security.web.FilterChainProxy - /user/isonline reached end of additional filter chain; proceeding with original chain
17:48:29.697 [http-nio-80-exec-5] DEBUG o.s.web.servlet.DispatcherServlet - GET "/user/isonline", parameters={}
17:48:29.698 [http-nio-80-exec-5] DEBUG o.s.w.s.m.m.a.RequestMappingHandlerMapping - Mapped to com.abby.jiaqing.web.UserController#isUserOnline(HttpServletRequest, HttpServletResponse)
17:48:29.698 [http-nio-80-exec-5] DEBUG o.s.s.w.h.writers.HstsHeaderWriter - Not injecting HSTS header since it did not match the requestMatcher org.springframework.security.web.header.writers.HstsHeaderWriter$SecureRequestMatcher@1d12a271
17:48:29.698 [http-nio-80-exec-5] DEBUG o.s.s.w.c.HttpSessionSecurityContextRepository - SecurityContext is empty or contents are anonymous - context will not be stored in HttpSession.
17:48:29.699 [http-nio-80-exec-5] DEBUG o.s.web.servlet.DispatcherServlet - Completed 200 OK
17:48:29.699 [http-nio-80-exec-5] DEBUG o.s.s.w.a.ExceptionTranslationFilter - Chain processed normally
17:48:29.699 [http-nio-80-exec-5] DEBUG o.s.s.w.c.SecurityContextPersistenceFilter - SecurityContextHolder now cleared, as request processing completed
17:48:29.712 [http-nio-80-exec-6] DEBUG o.s.s.w.u.m.AntPathRequestMatcher - Checking match of request : '/user/isonline'; against '/index.html'
