17:05:53.545 [http-nio-80-exec-1] DEBUG o.s.s.w.u.m.AntPathRequestMatcher - Checking match of request : '/user/isonline'; against '/test/**'
17:05:53.549 [http-nio-80-exec-1] DEBUG o.s.s.w.u.m.AntPathRequestMatcher - Checking match of request : '/user/isonline'; against '/user/isonline**'
17:05:53.550 [http-nio-80-exec-1] DEBUG o.s.s.w.a.i.FilterSecurityInterceptor - Secure object: FilterInvocation: URL: /user/isonline; Attributes: [permitAll]
17:05:53.550 [http-nio-80-exec-1] DEBUG o.s.s.w.a.i.FilterSecurityInterceptor - Previously Authenticated: org.springframework.security.authentication.AnonymousAuthenticationToken@bfdcc2b0: Principal: anonymousUser; Credentials: [PROTECTED]; Authenticated: true; Details: org.springframework.security.web.authentication.WebAuthenticationDetails@957e: RemoteIpAddress: 127.0.0.1; SessionId: null; Granted Authorities: ROLE_ANONYMOUS
17:05:53.551 [http-nio-80-exec-1] DEBUG o.s.s.access.vote.AffirmativeBased - Voter: org.springframework.security.web.access.expression.WebExpressionVoter@58590e61, returned: 1
17:05:53.551 [http-nio-80-exec-1] DEBUG o.s.s.w.a.i.FilterSecurityInterceptor - Authorization successful
17:05:53.551 [http-nio-80-exec-1] DEBUG o.s.s.w.a.i.FilterSecurityInterceptor - RunAsManager did not change Authentication object
17:05:53.551 [http-nio-80-exec-1] DEBUG o.s.security.web.FilterChainProxy - /user/isonline reached end of additional filter chain; proceeding with original chain
17:05:53.551 [http-nio-80-exec-1] DEBUG o.s.web.servlet.DispatcherServlet - GET "/user/isonline", parameters={}
17:05:53.552 [http-nio-80-exec-1] DEBUG o.s.w.s.m.m.a.RequestMappingHandlerMapping - Mapped to com.abby.jiaqing.web.UserController#isUserOnline(HttpServletRequest, HttpServletResponse)
17:05:53.552 [http-nio-80-exec-1] DEBUG o.s.s.w.h.writers.HstsHeaderWriter - Not injecting HSTS header since it did not match the requestMatcher org.springframework.security.web.header.writers.HstsHeaderWriter$SecureRequestMatcher@1d12a271
17:05:53.553 [http-nio-80-exec-1] DEBUG o.s.s.w.c.HttpSessionSecurityContextRepository - SecurityContext is empty or contents are anonymous - context will not be stored in HttpSession.
17:05:53.553 [http-nio-80-exec-1] DEBUG o.s.web.servlet.DispatcherServlet - Completed 200 OK
17:05:53.553 [http-nio-80-exec-1] DEBUG o.s.s.w.a.ExceptionTranslationFilter - Chain processed normally
17:05:53.553 [http-nio-80-exec-1] DEBUG o.s.s.w.c.SecurityContextPersistenceFilter - SecurityContextHolder now cleared, as request processing completed
17:05:53.606 [http-nio-80-exec-2] DEBUG o.s.s.w.u.m.AntPathRequestMatcher - Checking match of request : '/user/isonline'; against '/index.html'
17:05:53.607 [http-nio-80-exec-2] DEBUG o.s.s.w.u.m.AntPathRequestMatcher - Checking match of request : '/user/isonline'; against '/static/**'
17:05:53.607 [http-nio-80-exec-2] DEBUG o.s.security.web.FilterChainProxy - /user/isonline at position 1 of 11 in additional filter chain; firing Filter: 'WebAsyncManagerIntegrationFilter'
17:05:53.607 [http-nio-80-exec-2] DEBUG o.s.security.web.FilterChainProxy - /user/isonline at position 2 of 11 in additional filter chain; firing Filter: 'SecurityContextPersistenceFilter'
17:05:53.607 [http-nio-80-exec-2] DEBUG o.s.s.w.c.HttpSessionSecurityContextRepository - No HttpSession currently exists
17:05:53.608 [http-nio-80-exec-2] DEBUG o.s.s.w.c.HttpSessionSecurityContextRepository - No SecurityContext was available from the HttpSession: null. A new one will be created.
17:05:53.608 [http-nio-80-exec-2] DEBUG o.s.security.web.FilterChainProxy - /user/isonline at position 3 of 11 in additional filter chain; firing Filter: 'HeaderWriterFilter'
17:05:53.608 [http-nio-80-exec-2] DEBUG o.s.security.web.FilterChainProxy - /user/isonline at position 4 of 11 in additional filter chain; firing Filter: 'LogoutFilter'
17:05:53.608 [http-nio-80-exec-2] DEBUG o.s.s.w.u.matcher.OrRequestMatcher - Trying to match using Ant [pattern='/logout', GET]
17:05:53.608 [http-nio-80-exec-2] DEBUG o.s.s.w.u.m.AntPathRequestMatcher - Checking match of request : '/user/isonline'; against '/logout'
17:05:53.608 [http-nio-80-exec-2] DEBUG o.s.s.w.u.matcher.OrRequestMatcher - Trying to match using Ant [pattern='/logout', POST]
17:05:53.608 [http-nio-80-exec-2] DEBUG o.s.s.w.u.m.AntPathRequestMatcher - Request 'GET /user/isonline' doesn't match 'POST /logout'
17:05:53.608 [http-nio-80-exec-2] DEBUG o.s.s.w.u.matcher.OrRequestMatcher - Trying to match using Ant [pattern='/logout', PUT]
17:05:53.608 [http-nio-80-exec-2] DEBUG o.s.s.w.u.m.AntPathRequestMatcher - Request 'GET /user/isonline' doesn't match 'PUT /logout'
17:05:53.608 [http-nio-80-exec-2] DEBUG o.s.s.w.u.matcher.OrRequestMatcher - Trying to match using Ant [pattern='/logout', DELETE]
17:05:53.608 [http-nio-80-exec-2] DEBUG o.s.s.w.u.m.AntPathRequestMatcher - Request 'GET /user/isonline' doesn't match 'DELETE /logout'
17:05:53.608 [http-nio-80-exec-2] DEBUG o.s.s.w.u.matcher.OrRequestMatcher - No matches found
