16:55:27.608 [main] DEBUG o.s.c.a.ClassPathBeanDefinitionScanner - Identified candidate component class: file [E:\jiaqing\target\classes\com\abby\jiaqing\web\ImageController.class]
16:55:27.615 [main] DEBUG o.s.c.a.ClassPathBeanDefinitionScanner - Identified candidate component class: file [E:\jiaqing\target\classes\com\abby\jiaqing\web\TestController.class]
16:55:27.616 [main] DEBUG o.s.c.a.ClassPathBeanDefinitionScanner - Identified candidate component class: file [E:\jiaqing\target\classes\com\abby\jiaqing\web\TokenController.class]
16:55:27.617 [main] DEBUG o.s.c.a.ClassPathBeanDefinitionScanner - Identified candidate component class: file [E:\jiaqing\target\classes\com\abby\jiaqing\web\UserController.class]
16:55:27.634 [main] DEBUG o.s.boot.env.OriginTrackedYamlLoader - Loading from YAML: class path resource [qiniu-dev.yml]
16:55:27.636 [main] DEBUG o.s.boot.env.OriginTrackedYamlLoader - Merging document (no matchers set): {qiniu={accessKey=Yv5seDVS9I0Picy8yS6YF2hftqkh2_wRebdqTSCW, secretKey=cXQDMVHxlyU_5wo5TyCvApCUoTaKSPpySkEx6FJY, defaultBucket=jiaqing-master, expire=3600, domain=http://pztxvdloz.bkt.clouddn.com/}}
16:55:27.636 [main] DEBUG o.s.boot.env.OriginTrackedYamlLoader - Loaded 1 document from YAML resource: class path resource [qiniu-dev.yml]
16:55:27.652 [main] DEBUG o.s.boot.env.OriginTrackedYamlLoader - Loading from YAML: class path resource [wechat-dev.yml]
16:55:27.654 [main] DEBUG o.s.boot.env.OriginTrackedYamlLoader - Merging document (no matchers set): {wechat={appId=wxf96501edae8e85d9, secret=ca028839d8b06f876c9aace20f890d93, token=jiaqing, aseKey=dx6fiXqnrDKZ5CFODkXkfgCYLR21pqrg0iRYy4JKvol}}
16:55:27.654 [main] DEBUG o.s.boot.env.OriginTrackedYamlLoader - Loaded 1 document from YAML resource: class path resource [wechat-dev.yml]
16:55:27.966 [main] DEBUG o.s.c.e.PropertySourcesPropertyResolver - Found key 'spring.jmx.enabled' in PropertySource 'configurationProperties' with value of type String
16:55:28.010 [main] DEBUG o.s.c.e.PropertySourcesPropertyResolver - Found key 'spring.jmx.enabled' in PropertySource 'configurationProperties' with value of type String
16:55:28.011 [main] DEBUG o.s.c.e.PropertySourcesPropertyResolver - Found key 'spring.application.admin.enabled' in PropertySource 'configurationProperties' with value of type String
16:55:28.159 [main] DEBUG o.s.c.a.ClassPathScanningCandidateComponentProvider - Identified candidate component class: file [E:\jiaqing\target\classes\com\abby\jiaqing\config\QiniuProperties.class]
16:55:28.159 [main] DEBUG o.s.c.a.ClassPathScanningCandidateComponentProvider - Identified candidate component class: file [E:\jiaqing\target\classes\com\abby\jiaqing\config\WechatProperties.class]
16:55:28.341 [main] DEBUG o.s.c.e.PropertySourcesPropertyResolver - Found key 'spring.jmx.enabled' in PropertySource 'configurationProperties' with value of type String
16:55:28.366 [main] DEBUG o.s.b.f.s.DefaultListableBeanFactory - Creating shared instance of singleton bean 'org.springframework.boot.autoconfigure.AutoConfigurationPackages'
16:55:28.381 [main] DEBUG o.s.b.a.AutoConfigurationPackages - @EnableAutoConfiguration was declared on a class in the package 'com.abby.jiaqing'. Automatic @Repository and @Entity scanning is enabled.
16:55:28.382 [main] DEBUG o.m.s.b.a.MybatisAutoConfiguration - Searching for mappers annotated with @Mapper
16:55:28.383 [main] DEBUG o.m.s.b.a.MybatisAutoConfiguration - Using auto-configuration base package 'com.abby.jiaqing'
