17:48:41.279 [http-nio-80-exec-10] DEBUG o.s.s.w.u.matcher.OrRequestMatcher - Trying to match using Ant [pattern='/logout', GET]
17:48:41.284 [http-nio-80-exec-10] DEBUG o.s.s.w.u.m.AntPathRequestMatcher - Checking match of request : '/image/list'; against '/logout'
17:48:41.285 [http-nio-80-exec-10] DEBUG o.s.s.w.u.matcher.OrRequestMatcher - Trying to match using Ant [pattern='/logout', POST]
17:48:41.285 [http-nio-80-exec-10] DEBUG o.s.s.w.u.m.AntPathRequestMatcher - Request 'GET /image/list' doesn't match 'POST /logout'
17:48:41.285 [http-nio-80-exec-10] DEBUG o.s.s.w.u.matcher.OrRequestMatcher - Trying to match using Ant [pattern='/logout', PUT]
17:48:41.285 [http-nio-80-exec-10] DEBUG o.s.s.w.u.m.AntPathRequestMatcher - Request 'GET /image/list' doesn't match 'PUT /logout'
17:48:41.286 [http-nio-80-exec-10] DEBUG o.s.s.w.u.matcher.OrRequestMatcher - Trying to match using Ant [pattern='/logout', DELETE]
17:48:41.286 [http-nio-80-exec-10] DEBUG o.s.s.w.u.m.AntPathRequestMatcher - Request 'GET /image/list' doesn't match 'DELETE /logout'
17:48:41.286 [http-nio-80-exec-10] DEBUG o.s.s.w.u.matcher.OrRequestMatcher - No matches found
17:48:41.286 [http-nio-80-exec-10] DEBUG o.s.security.web.FilterChainProxy - /image/list?pageNum=1&pageSize=10 at position 5 of 11 in additional filter chain; firing Filter: 'UsernamePasswordAuthenticationFilter'
17:48:41.286 [http-nio-80-exec-10] DEBUG o.s.s.w.u.m.AntPathRequestMatcher - Request 'GET /image/list' doesn't match 'POST /login'
17:48:41.286 [http-nio-80-exec-10] DEBUG o.s.security.web.FilterChainProxy - /image/list?pageNum=1&pageSize=10 at position 6 of 11 in additional filter chain; firing Filter: 'RequestCacheAwareFilter'
17:48:41.286 [http-nio-80-exec-10] DEBUG o.s.s.w.s.HttpSessionRequestCache - saved request doesn't match
17:48:41.286 [http-nio-80-exec-10] DEBUG o.s.security.web.FilterChainProxy - /image/list?pageNum=1&pageSize=10 at position 7 of 11 in additional filter chain; firing Filter: 'SecurityContextHolderAwareRequestFilter'
17:48:41.286 [http-nio-80-exec-10] DEBUG o.s.security.web.FilterChainProxy - /image/list?pageNum=1&pageSize=10 at position 8 of 11 in additional filter chain; firing Filter: 'AnonymousAuthenticationFilter'
17:48:41.286 [http-nio-80-exec-10] DEBUG o.s.s.w.a.AnonymousAuthenticationFilter - SecurityContextHolder not populated with anonymous token, as it already contained: 'org.springframework.security.authentication.UsernamePasswordAuthenticationToken@6218d8c: Principal: com.abby.jiaqing.security.CustomUserDetails@6eb2ea2b; Credentials: [PROTECTED]; Authenticated: true; Details: org.springframework.security.web.authentication.WebAuthenticationDetails@957e: RemoteIpAddress: 127.0.0.1; SessionId: null; Granted Authorities: ROLE_SUPERUSER'
17:48:41.286 [http-nio-80-exec-10] DEBUG o.s.security.web.FilterChainProxy - /image/list?pageNum=1&pageSize=10 at position 9 of 11 in additional filter chain; firing Filter: 'SessionManagementFilter'
17:48:41.286 [http-nio-80-exec-10] DEBUG o.s.security.web.FilterChainProxy - /image/list?pageNum=1&pageSize=10 at position 10 of 11 in additional filter chain; firing Filter: 'ExceptionTranslationFilter'
17:48:41.287 [http-nio-80-exec-10] DEBUG o.s.security.web.FilterChainProxy - /image/list?pageNum=1&pageSize=10 at position 11 of 11 in additional filter chain; firing Filter: 'FilterSecurityInterceptor'
17:48:41.287 [http-nio-80-exec-10] DEBUG o.s.s.w.u.matcher.OrRequestMatcher - Trying to match using Ant [pattern='/logout', GET]
17:48:41.287 [http-nio-80-exec-10] DEBUG o.s.s.w.u.m.AntPathRequestMatcher - Checking match of request : '/image/list'; against '/logout'
17:48:41.287 [http-nio-80-exec-10] DEBUG o.s.s.w.u.matcher.OrRequestMatcher - Trying to match using Ant [pattern='/logout', POST]
17:48:41.287 [http-nio-80-exec-10] DEBUG o.s.s.w.u.m.AntPathRequestMatcher - Request 'GET /image/list' doesn't match 'POST /logout'
17:48:41.287 [http-nio-80-exec-10] DEBUG o.s.s.w.u.matcher.OrRequestMatcher - Trying to match using Ant [pattern='/logout', PUT]
17:48:41.287 [http-nio-80-exec-10] DEBUG o.s.s.w.u.m.AntPathRequestMatcher - Request 'GET /image/list' doesn't match 'PUT /logout'
17:48:41.287 [http-nio-80-exec-10] DEBUG o.s.s.w.u.matcher.OrRequestMatcher - Trying to match using Ant [pattern='/logout', DELETE]
17:48:41.287 [http-nio-80-exec-10] DEBUG o.s.s.w.u.m.AntPathRequestMatcher - Request 'GET /image/list' doesn't match 'DELETE /logout'
17:48:41.287 [http-nio-80-exec-10] DEBUG o.s.s.w.u.matcher.OrRequestMatcher - No matches found
17:48:41.287 [http-nio-80-exec-10] DEBUG o.s.s.w.u.m.AntPathRequestMatcher - Checking match of request : '/image/list'; against '/test/**'
17:48:41.287 [http-nio-80-exec-10] DEBUG o.s.s.w.u.m.AntPathRequestMatcher - Checking match of request : '/image/list'; against '/user/isonline**'
17:48:41.288 [http-nio-80-exec-10] DEBUG o.s.s.w.u.m.AntPathRequestMatcher - Checking match of request : '/image/list'; against '/wechat/**'
17:48:41.288 [http-nio-80-exec-10] DEBUG o.s.s.w.a.i.FilterSecurityInterceptor - Secure object: FilterInvocation: URL: /image/list?pageNum=1&pageSize=10; Attributes: [authenticated]
